{"C:\\Users\\anjen\\Documents\\Github\\closetApp\\SERVER\\app\\controllers\\post.controller.js": {"path":"C:\\Users\\anjen\\Documents\\Github\\closetApp\\SERVER\\app\\controllers\\post.controller.js","statementMap":{"0":{"start":{"line":1,"column":17},"end":{"line":1,"column":36}},"1":{"start":{"line":2,"column":14},"end":{"line":2,"column":58}},"2":{"start":{"line":9,"column":0},"end":{"line":34,"column":2}},"3":{"start":{"line":11,"column":4},"end":{"line":15,"column":5}},"4":{"start":{"line":13,"column":6},"end":{"line":13,"column":67}},"5":{"start":{"line":14,"column":6},"end":{"line":14,"column":13}},"6":{"start":{"line":17,"column":17},"end":{"line":21,"column":6}},"7":{"start":{"line":23,"column":4},"end":{"line":33,"column":7}},"8":{"start":{"line":26,"column":8},"end":{"line":26,"column":23}},"9":{"start":{"line":29,"column":8},"end":{"line":32,"column":11}},"10":{"start":{"line":35,"column":0},"end":{"line":64,"column":2}},"11":{"start":{"line":36,"column":17},"end":{"line":36,"column":26}},"12":{"start":{"line":37,"column":17},"end":{"line":37,"column":32}},"13":{"start":{"line":38,"column":2},"end":{"line":63,"column":3}},"14":{"start":{"line":39,"column":4},"end":{"line":48,"column":9}},"15":{"start":{"line":41,"column":8},"end":{"line":41,"column":23}},"16":{"start":{"line":44,"column":8},"end":{"line":47,"column":11}},"17":{"start":{"line":52,"column":4},"end":{"line":52,"column":48}},"18":{"start":{"line":53,"column":4},"end":{"line":62,"column":9}},"19":{"start":{"line":55,"column":8},"end":{"line":55,"column":23}},"20":{"start":{"line":58,"column":8},"end":{"line":61,"column":11}},"21":{"start":{"line":65,"column":0},"end":{"line":85,"column":1}},"22":{"start":{"line":67,"column":13},"end":{"line":67,"column":26}},"23":{"start":{"line":68,"column":2},"end":{"line":84,"column":7}},"24":{"start":{"line":70,"column":6},"end":{"line":78,"column":7}},"25":{"start":{"line":71,"column":8},"end":{"line":73,"column":11}},"26":{"start":{"line":75,"column":8},"end":{"line":77,"column":11}},"27":{"start":{"line":81,"column":6},"end":{"line":83,"column":9}},"28":{"start":{"line":86,"column":0},"end":{"line":106,"column":1}},"29":{"start":{"line":87,"column":2},"end":{"line":91,"column":3}},"30":{"start":{"line":88,"column":4},"end":{"line":90,"column":7}},"31":{"start":{"line":92,"column":13},"end":{"line":92,"column":26}},"32":{"start":{"line":93,"column":2},"end":{"line":105,"column":7}},"33":{"start":{"line":95,"column":6},"end":{"line":99,"column":69}},"34":{"start":{"line":96,"column":8},"end":{"line":98,"column":11}},"35":{"start":{"line":99,"column":13},"end":{"line":99,"column":69}},"36":{"start":{"line":102,"column":6},"end":{"line":104,"column":9}},"37":{"start":{"line":107,"column":0},"end":{"line":120,"column":1}},"38":{"start":{"line":108,"column":13},"end":{"line":108,"column":26}},"39":{"start":{"line":109,"column":2},"end":{"line":119,"column":7}},"40":{"start":{"line":111,"column":6},"end":{"line":113,"column":26}},"41":{"start":{"line":112,"column":8},"end":{"line":112,"column":74}},"42":{"start":{"line":113,"column":11},"end":{"line":113,"column":26}},"43":{"start":{"line":116,"column":6},"end":{"line":118,"column":66}},"44":{"start":{"line":122,"column":0},"end":{"line":133,"column":2}},"45":{"start":{"line":123,"column":2},"end":{"line":132,"column":7}},"46":{"start":{"line":125,"column":6},"end":{"line":125,"column":21}},"47":{"start":{"line":128,"column":6},"end":{"line":131,"column":9}}},"fnMap":{"0":{"name":"(anonymous_0)","decl":{"start":{"line":9,"column":21},"end":{"line":9,"column":22}},"loc":{"start":{"line":9,"column":35},"end":{"line":34,"column":1}},"line":9},"1":{"name":"(anonymous_1)","decl":{"start":{"line":25,"column":12},"end":{"line":25,"column":13}},"loc":{"start":{"line":25,"column":20},"end":{"line":27,"column":7}},"line":25},"2":{"name":"(anonymous_2)","decl":{"start":{"line":28,"column":13},"end":{"line":28,"column":14}},"loc":{"start":{"line":28,"column":20},"end":{"line":33,"column":5}},"line":28},"3":{"name":"(anonymous_3)","decl":{"start":{"line":35,"column":22},"end":{"line":35,"column":23}},"loc":{"start":{"line":35,"column":36},"end":{"line":64,"column":1}},"line":35},"4":{"name":"(anonymous_4)","decl":{"start":{"line":40,"column":12},"end":{"line":40,"column":13}},"loc":{"start":{"line":40,"column":20},"end":{"line":42,"column":7}},"line":40},"5":{"name":"(anonymous_5)","decl":{"start":{"line":43,"column":13},"end":{"line":43,"column":14}},"loc":{"start":{"line":43,"column":20},"end":{"line":48,"column":7}},"line":43},"6":{"name":"(anonymous_6)","decl":{"start":{"line":54,"column":12},"end":{"line":54,"column":13}},"loc":{"start":{"line":54,"column":20},"end":{"line":56,"column":7}},"line":54},"7":{"name":"(anonymous_7)","decl":{"start":{"line":57,"column":13},"end":{"line":57,"column":14}},"loc":{"start":{"line":57,"column":20},"end":{"line":62,"column":7}},"line":57},"8":{"name":"(anonymous_8)","decl":{"start":{"line":65,"column":21},"end":{"line":65,"column":22}},"loc":{"start":{"line":65,"column":35},"end":{"line":85,"column":1}},"line":65},"9":{"name":"(anonymous_9)","decl":{"start":{"line":69,"column":10},"end":{"line":69,"column":11}},"loc":{"start":{"line":69,"column":18},"end":{"line":79,"column":5}},"line":69},"10":{"name":"(anonymous_10)","decl":{"start":{"line":80,"column":11},"end":{"line":80,"column":12}},"loc":{"start":{"line":80,"column":18},"end":{"line":84,"column":5}},"line":80},"11":{"name":"(anonymous_11)","decl":{"start":{"line":86,"column":21},"end":{"line":86,"column":22}},"loc":{"start":{"line":86,"column":35},"end":{"line":106,"column":1}},"line":86},"12":{"name":"(anonymous_12)","decl":{"start":{"line":94,"column":10},"end":{"line":94,"column":11}},"loc":{"start":{"line":94,"column":18},"end":{"line":100,"column":5}},"line":94},"13":{"name":"(anonymous_13)","decl":{"start":{"line":101,"column":11},"end":{"line":101,"column":12}},"loc":{"start":{"line":101,"column":18},"end":{"line":105,"column":5}},"line":101},"14":{"name":"(anonymous_14)","decl":{"start":{"line":107,"column":21},"end":{"line":107,"column":22}},"loc":{"start":{"line":107,"column":35},"end":{"line":120,"column":1}},"line":107},"15":{"name":"(anonymous_15)","decl":{"start":{"line":110,"column":10},"end":{"line":110,"column":11}},"loc":{"start":{"line":110,"column":18},"end":{"line":114,"column":5}},"line":110},"16":{"name":"(anonymous_16)","decl":{"start":{"line":115,"column":11},"end":{"line":115,"column":12}},"loc":{"start":{"line":115,"column":18},"end":{"line":119,"column":5}},"line":115},"17":{"name":"(anonymous_17)","decl":{"start":{"line":122,"column":24},"end":{"line":122,"column":25}},"loc":{"start":{"line":122,"column":38},"end":{"line":133,"column":1}},"line":122},"18":{"name":"(anonymous_18)","decl":{"start":{"line":124,"column":10},"end":{"line":124,"column":11}},"loc":{"start":{"line":124,"column":18},"end":{"line":126,"column":5}},"line":124},"19":{"name":"(anonymous_19)","decl":{"start":{"line":127,"column":11},"end":{"line":127,"column":12}},"loc":{"start":{"line":127,"column":18},"end":{"line":132,"column":5}},"line":127}},"branchMap":{"0":{"loc":{"start":{"line":11,"column":4},"end":{"line":15,"column":5}},"type":"if","locations":[{"start":{"line":11,"column":4},"end":{"line":15,"column":5}},{"start":{},"end":{}}],"line":11},"1":{"loc":{"start":{"line":31,"column":12},"end":{"line":31,"column":73}},"type":"binary-expr","locations":[{"start":{"line":31,"column":12},"end":{"line":31,"column":23}},{"start":{"line":31,"column":27},"end":{"line":31,"column":73}}],"line":31},"2":{"loc":{"start":{"line":38,"column":2},"end":{"line":63,"column":3}},"type":"if","locations":[{"start":{"line":38,"column":2},"end":{"line":63,"column":3}},{"start":{"line":50,"column":6},"end":{"line":63,"column":3}}],"line":38},"3":{"loc":{"start":{"line":46,"column":12},"end":{"line":46,"column":72}},"type":"binary-expr","locations":[{"start":{"line":46,"column":12},"end":{"line":46,"column":23}},{"start":{"line":46,"column":27},"end":{"line":46,"column":72}}],"line":46},"4":{"loc":{"start":{"line":60,"column":12},"end":{"line":60,"column":72}},"type":"binary-expr","locations":[{"start":{"line":60,"column":12},"end":{"line":60,"column":23}},{"start":{"line":60,"column":27},"end":{"line":60,"column":72}}],"line":60},"5":{"loc":{"start":{"line":70,"column":6},"end":{"line":78,"column":7}},"type":"if","locations":[{"start":{"line":70,"column":6},"end":{"line":78,"column":7}},{"start":{"line":74,"column":13},"end":{"line":78,"column":7}}],"line":70},"6":{"loc":{"start":{"line":87,"column":2},"end":{"line":91,"column":3}},"type":"if","locations":[{"start":{"line":87,"column":2},"end":{"line":91,"column":3}},{"start":{},"end":{}}],"line":87},"7":{"loc":{"start":{"line":95,"column":6},"end":{"line":99,"column":69}},"type":"if","locations":[{"start":{"line":95,"column":6},"end":{"line":99,"column":69}},{"start":{"line":99,"column":13},"end":{"line":99,"column":69}}],"line":95},"8":{"loc":{"start":{"line":111,"column":6},"end":{"line":113,"column":26}},"type":"if","locations":[{"start":{"line":111,"column":6},"end":{"line":113,"column":26}},{"start":{"line":113,"column":11},"end":{"line":113,"column":26}}],"line":111},"9":{"loc":{"start":{"line":130,"column":10},"end":{"line":130,"column":70}},"type":"binary-expr","locations":[{"start":{"line":130,"column":10},"end":{"line":130,"column":21}},{"start":{"line":130,"column":25},"end":{"line":130,"column":70}}],"line":130}},"s":{"0":1,"1":1,"2":1,"3":0,"4":0,"5":0,"6":0,"7":0,"8":0,"9":0,"10":1,"11":0,"12":0,"13":0,"14":0,"15":0,"16":0,"17":0,"18":0,"19":0,"20":0,"21":1,"22":0,"23":0,"24":0,"25":0,"26":0,"27":0,"28":1,"29":0,"30":0,"31":0,"32":0,"33":0,"34":0,"35":0,"36":0,"37":1,"38":0,"39":0,"40":0,"41":0,"42":0,"43":0,"44":1,"45":0,"46":0,"47":0},"f":{"0":0,"1":0,"2":0,"3":0,"4":0,"5":0,"6":0,"7":0,"8":0,"9":0,"10":0,"11":0,"12":0,"13":0,"14":0,"15":0,"16":0,"17":0,"18":0,"19":0},"b":{"0":[0,0],"1":[0,0],"2":[0,0],"3":[0,0],"4":[0,0],"5":[0,0],"6":[0,0],"7":[0,0],"8":[0,0],"9":[0,0]},"_coverageSchema":"1a1c01bbd47fc00a2c39e90264f33305004495a9","hash":"af1a8e432eec117013227325db61ae06f615fea9"}
,"C:\\Users\\anjen\\Documents\\Github\\closetApp\\SERVER\\app\\models\\post.model.js": {"path":"C:\\Users\\anjen\\Documents\\Github\\closetApp\\SERVER\\app\\models\\post.model.js","statementMap":{"0":{"start":{"line":1,"column":0},"end":{"line":27,"column":2}},"1":{"start":{"line":2,"column":17},"end":{"line":19,"column":5}},"2":{"start":{"line":20,"column":4},"end":{"line":24,"column":7}},"3":{"start":{"line":21,"column":38},"end":{"line":21,"column":53}},"4":{"start":{"line":22,"column":6},"end":{"line":22,"column":22}},"5":{"start":{"line":23,"column":6},"end":{"line":23,"column":20}},"6":{"start":{"line":25,"column":17},"end":{"line":25,"column":47}},"7":{"start":{"line":26,"column":4},"end":{"line":26,"column":16}}},"fnMap":{"0":{"name":"(anonymous_0)","decl":{"start":{"line":1,"column":17},"end":{"line":1,"column":18}},"loc":{"start":{"line":1,"column":29},"end":{"line":27,"column":1}},"line":1},"1":{"name":"(anonymous_1)","decl":{"start":{"line":20,"column":28},"end":{"line":20,"column":29}},"loc":{"start":{"line":20,"column":39},"end":{"line":24,"column":5}},"line":20}},"branchMap":{},"s":{"0":1,"1":1,"2":1,"3":0,"4":0,"5":0,"6":1,"7":1},"f":{"0":1,"1":0},"b":{},"_coverageSchema":"1a1c01bbd47fc00a2c39e90264f33305004495a9","hash":"8791451068df2a1ec4d15ee27ca197efe5e474b8"}
}
