TN:
SF:app\controllers\post.controller.js
FN:9,(anonymous_0)
FN:25,(anonymous_1)
FN:28,(anonymous_2)
FN:35,(anonymous_3)
FN:40,(anonymous_4)
FN:43,(anonymous_5)
FN:54,(anonymous_6)
FN:57,(anonymous_7)
FN:65,(anonymous_8)
FN:69,(anonymous_9)
FN:80,(anonymous_10)
FN:86,(anonymous_11)
FN:94,(anonymous_12)
FN:101,(anonymous_13)
FN:107,(anonymous_14)
FN:110,(anonymous_15)
FN:115,(anonymous_16)
FN:122,(anonymous_17)
FN:124,(anonymous_18)
FN:127,(anonymous_19)
FNF:20
FNH:0
FNDA:0,(anonymous_0)
FNDA:0,(anonymous_1)
FNDA:0,(anonymous_2)
FNDA:0,(anonymous_3)
FNDA:0,(anonymous_4)
FNDA:0,(anonymous_5)
FNDA:0,(anonymous_6)
FNDA:0,(anonymous_7)
FNDA:0,(anonymous_8)
FNDA:0,(anonymous_9)
FNDA:0,(anonymous_10)
FNDA:0,(anonymous_11)
FNDA:0,(anonymous_12)
FNDA:0,(anonymous_13)
FNDA:0,(anonymous_14)
FNDA:0,(anonymous_15)
FNDA:0,(anonymous_16)
FNDA:0,(anonymous_17)
FNDA:0,(anonymous_18)
FNDA:0,(anonymous_19)
DA:1,1
DA:2,1
DA:9,1
DA:11,0
DA:13,0
DA:14,0
DA:17,0
DA:23,0
DA:26,0
DA:29,0
DA:35,1
DA:36,0
DA:37,0
DA:38,0
DA:39,0
DA:41,0
DA:44,0
DA:52,0
DA:53,0
DA:55,0
DA:58,0
DA:65,1
DA:67,0
DA:68,0
DA:70,0
DA:71,0
DA:75,0
DA:81,0
DA:86,1
DA:87,0
DA:88,0
DA:92,0
DA:93,0
DA:95,0
DA:96,0
DA:99,0
DA:102,0
DA:107,1
DA:108,0
DA:109,0
DA:111,0
DA:112,0
DA:113,0
DA:116,0
DA:122,1
DA:123,0
DA:125,0
DA:128,0
LF:48
LH:8
BRDA:11,0,0,0
BRDA:11,0,1,0
BRDA:31,1,0,0
BRDA:31,1,1,0
BRDA:38,2,0,0
BRDA:38,2,1,0
BRDA:46,3,0,0
BRDA:46,3,1,0
BRDA:60,4,0,0
BRDA:60,4,1,0
BRDA:70,5,0,0
BRDA:70,5,1,0
BRDA:87,6,0,0
BRDA:87,6,1,0
BRDA:95,7,0,0
BRDA:95,7,1,0
BRDA:111,8,0,0
BRDA:111,8,1,0
BRDA:130,9,0,0
BRDA:130,9,1,0
BRF:20
BRH:0
end_of_record
TN:
SF:app\models\post.model.js
FN:1,(anonymous_0)
FN:20,(anonymous_1)
FNF:2
FNH:1
FNDA:1,(anonymous_0)
FNDA:0,(anonymous_1)
DA:1,1
DA:2,1
DA:20,1
DA:21,0
DA:22,0
DA:23,0
DA:25,1
DA:26,1
LF:8
LH:5
BRF:0
BRH:0
end_of_record
