TN:
SF:server.js
FN:37,(anonymous_0)
FN:52,(anonymous_1)
FN:55,(anonymous_2)
FNF:3
FNH:1
FNDA:0,(anonymous_0)
FNDA:0,(anonymous_1)
FNDA:1,(anonymous_2)
DA:7,1
DA:8,1
DA:9,1
DA:10,1
DA:11,1
DA:12,1
DA:14,1
DA:19,1
DA:21,1
DA:23,1
DA:31,1
DA:32,1
DA:35,1
DA:36,1
DA:37,0
DA:38,0
DA:47,1
DA:51,1
DA:52,1
DA:53,0
DA:55,1
DA:56,1
DA:59,1
LF:23
LH:20
BRDA:35,0,0,1
BRDA:35,0,1,1
BRDA:36,1,0,0
BRDA:36,1,1,1
BRF:4
BRH:3
end_of_record
TN:
SF:app\controllers\post.controller.js
FN:9,(anonymous_0)
FN:25,(anonymous_1)
FN:28,(anonymous_2)
FN:35,(anonymous_3)
FN:40,(anonymous_4)
FN:43,(anonymous_5)
FN:54,(anonymous_6)
FN:57,(anonymous_7)
FN:65,(anonymous_8)
FN:69,(anonymous_9)
FN:80,(anonymous_10)
FN:86,(anonymous_11)
FN:94,(anonymous_12)
FN:101,(anonymous_13)
FN:107,(anonymous_14)
FN:110,(anonymous_15)
FN:115,(anonymous_16)
FN:122,(anonymous_17)
FN:124,(anonymous_18)
FN:127,(anonymous_19)
FNF:20
FNH:4
FNDA:1,(anonymous_0)
FNDA:1,(anonymous_1)
FNDA:0,(anonymous_2)
FNDA:0,(anonymous_3)
FNDA:0,(anonymous_4)
FNDA:0,(anonymous_5)
FNDA:0,(anonymous_6)
FNDA:0,(anonymous_7)
FNDA:1,(anonymous_8)
FNDA:1,(anonymous_9)
FNDA:0,(anonymous_10)
FNDA:0,(anonymous_11)
FNDA:0,(anonymous_12)
FNDA:0,(anonymous_13)
FNDA:0,(anonymous_14)
FNDA:0,(anonymous_15)
FNDA:0,(anonymous_16)
FNDA:0,(anonymous_17)
FNDA:0,(anonymous_18)
FNDA:0,(anonymous_19)
DA:1,1
DA:2,1
DA:9,1
DA:11,1
DA:13,0
DA:14,0
DA:17,1
DA:23,1
DA:26,1
DA:29,0
DA:35,1
DA:36,0
DA:37,0
DA:38,0
DA:39,0
DA:41,0
DA:44,0
DA:52,0
DA:53,0
DA:55,0
DA:58,0
DA:65,1
DA:67,1
DA:68,1
DA:70,1
DA:71,0
DA:75,1
DA:81,0
DA:86,1
DA:87,0
DA:88,0
DA:92,0
DA:93,0
DA:95,0
DA:96,0
DA:99,0
DA:102,0
DA:107,1
DA:108,0
DA:109,0
DA:111,0
DA:112,0
DA:113,0
DA:116,0
DA:122,1
DA:123,0
DA:125,0
DA:128,0
LF:48
LH:16
BRDA:11,0,0,0
BRDA:11,0,1,1
BRDA:31,1,0,0
BRDA:31,1,1,0
BRDA:38,2,0,0
BRDA:38,2,1,0
BRDA:46,3,0,0
BRDA:46,3,1,0
BRDA:60,4,0,0
BRDA:60,4,1,0
BRDA:70,5,0,0
BRDA:70,5,1,1
BRDA:87,6,0,0
BRDA:87,6,1,0
BRDA:95,7,0,0
BRDA:95,7,1,0
BRDA:111,8,0,0
BRDA:111,8,1,0
BRDA:130,9,0,0
BRDA:130,9,1,0
BRF:20
BRH:2
end_of_record
TN:
SF:app\controllers\user.controller.js
FN:8,(anonymous_0)
FN:25,(anonymous_1)
FN:28,(anonymous_2)
FN:35,(anonymous_3)
FN:39,(anonymous_4)
FN:44,(anonymous_5)
FN:50,(anonymous_6)
FN:53,(anonymous_7)
FN:64,(anonymous_8)
FN:70,(anonymous_9)
FN:78,(anonymous_10)
FN:85,(anonymous_11)
FN:107,(anonymous_12)
FN:115,(anonymous_13)
FN:122,(anonymous_14)
FNF:15
FNH:0
FNDA:0,(anonymous_0)
FNDA:0,(anonymous_1)
FNDA:0,(anonymous_2)
FNDA:0,(anonymous_3)
FNDA:0,(anonymous_4)
FNDA:0,(anonymous_5)
FNDA:0,(anonymous_6)
FNDA:0,(anonymous_7)
FNDA:0,(anonymous_8)
FNDA:0,(anonymous_9)
FNDA:0,(anonymous_10)
FNDA:0,(anonymous_11)
FNDA:0,(anonymous_12)
FNDA:0,(anonymous_13)
FNDA:0,(anonymous_14)
DA:1,1
DA:2,1
DA:8,1
DA:10,0
DA:11,0
DA:12,0
DA:15,0
DA:23,0
DA:26,0
DA:29,0
DA:35,1
DA:36,0
DA:38,0
DA:40,0
DA:41,0
DA:42,0
DA:45,0
DA:50,1
DA:51,0
DA:52,0
DA:54,0
DA:55,0
DA:59,0
DA:65,0
DA:70,1
DA:71,0
DA:72,0
DA:76,0
DA:77,0
DA:79,0
DA:80,0
DA:83,0
DA:86,0
DA:107,1
DA:108,0
DA:109,0
DA:113,0
DA:114,0
DA:116,0
DA:117,0
DA:120,0
DA:123,0
LF:42
LH:7
BRDA:10,0,0,0
BRDA:10,0,1,0
BRDA:31,1,0,0
BRDA:31,1,1,0
BRDA:40,2,0,0
BRDA:40,2,1,0
BRDA:54,3,0,0
BRDA:54,3,1,0
BRDA:71,4,0,0
BRDA:71,4,1,0
BRDA:79,5,0,0
BRDA:79,5,1,0
BRDA:108,6,0,0
BRDA:108,6,1,0
BRDA:116,7,0,0
BRDA:116,7,1,0
BRF:16
BRH:0
end_of_record
TN:
SF:app\models\post.model.js
FN:1,(anonymous_0)
FN:20,(anonymous_1)
FNF:2
FNH:2
FNDA:1,(anonymous_0)
FNDA:1,(anonymous_1)
DA:1,1
DA:2,1
DA:20,1
DA:21,1
DA:22,1
DA:23,1
DA:25,1
DA:26,1
LF:8
LH:8
BRF:0
BRH:0
end_of_record
TN:
SF:app\models\user.model.js
FN:2,(anonymous_0)
FN:12,(anonymous_1)
FNF:2
FNH:1
FNDA:1,(anonymous_0)
FNDA:0,(anonymous_1)
DA:2,1
DA:3,1
DA:12,1
DA:13,0
DA:14,0
DA:15,0
DA:18,1
DA:19,1
LF:8
LH:5
BRF:0
BRH:0
end_of_record
TN:
SF:app\routes\posts.routes.js
FN:1,(anonymous_0)
FNF:1
FNH:1
FNDA:1,(anonymous_0)
DA:1,1
DA:2,1
DA:4,1
DA:7,1
DA:9,1
DA:11,1
DA:13,1
DA:15,1
DA:17,1
DA:18,1
LF:10
LH:10
BRF:0
BRH:0
end_of_record
TN:
SF:app\routes\users.routes.js
FN:1,(anonymous_0)
FNF:1
FNH:1
FNDA:1,(anonymous_0)
DA:1,1
DA:2,1
DA:4,1
DA:7,1
DA:9,1
DA:11,1
DA:13,1
DA:15,1
DA:17,1
LF:9
LH:9
BRF:0
BRH:0
end_of_record
TN:
SF:tests\testsHelper.js
FN:1,(anonymous_0)
FN:15,(anonymous_1)
FN:60,(anonymous_2)
FNF:3
FNH:2
FNDA:1,(anonymous_0)
FNDA:1,(anonymous_1)
FNDA:0,(anonymous_2)
DA:1,1
DA:2,1
DA:15,1
DA:16,1
DA:60,1
DA:61,0
LF:6
LH:5
BRF:0
BRH:0
end_of_record
