{"C:\\Users\\anjen\\Documents\\Github\\closetApp\\CLIENT\\src\\utils\\PostTemp.js": {"path":"C:\\Users\\anjen\\Documents\\Github\\closetApp\\CLIENT\\src\\utils\\PostTemp.js","statementMap":{"0":{"start":{"line":3,"column":21},"end":{"line":6,"column":1}},"1":{"start":{"line":4,"column":2},"end":{"line":4,"column":60}},"2":{"start":{"line":7,"column":21},"end":{"line":10,"column":1}},"3":{"start":{"line":8,"column":15},"end":{"line":8,"column":63}},"4":{"start":{"line":9,"column":2},"end":{"line":9,"column":16}},"5":{"start":{"line":11,"column":23},"end":{"line":13,"column":1}},"6":{"start":{"line":12,"column":2},"end":{"line":12,"column":35}},"7":{"start":{"line":14,"column":21},"end":{"line":19,"column":1}},"8":{"start":{"line":15,"column":15},"end":{"line":15,"column":56}},"9":{"start":{"line":16,"column":15},"end":{"line":16,"column":19}},"10":{"start":{"line":17,"column":2},"end":{"line":17,"column":42}},"11":{"start":{"line":18,"column":2},"end":{"line":18,"column":15}}},"fnMap":{"0":{"name":"(anonymous_0)","decl":{"start":{"line":3,"column":21},"end":{"line":3,"column":22}},"loc":{"start":{"line":3,"column":39},"end":{"line":6,"column":1}},"line":3},"1":{"name":"(anonymous_1)","decl":{"start":{"line":7,"column":21},"end":{"line":7,"column":22}},"loc":{"start":{"line":7,"column":34},"end":{"line":10,"column":1}},"line":7},"2":{"name":"(anonymous_2)","decl":{"start":{"line":11,"column":23},"end":{"line":11,"column":24}},"loc":{"start":{"line":11,"column":36},"end":{"line":13,"column":1}},"line":11},"3":{"name":"(anonymous_3)","decl":{"start":{"line":14,"column":21},"end":{"line":14,"column":22}},"loc":{"start":{"line":14,"column":34},"end":{"line":19,"column":1}},"line":14}},"branchMap":{"0":{"loc":{"start":{"line":17,"column":2},"end":{"line":17,"column":41}},"type":"cond-expr","locations":[{"start":{"line":17,"column":11},"end":{"line":17,"column":24}},{"start":{"line":17,"column":27},"end":{"line":17,"column":41}}],"line":17}},"s":{"0":1,"1":2,"2":1,"3":2,"4":2,"5":1,"6":2,"7":1,"8":2,"9":2,"10":2,"11":2},"f":{"0":2,"1":2,"2":2,"3":2},"b":{"0":[1,1]},"_coverageSchema":"1a1c01bbd47fc00a2c39e90264f33305004495a9","hash":"9b6fee3b0b844d2b87abb12246b52ddbcdbdd49a"}
,"C:\\Users\\anjen\\Documents\\Github\\closetApp\\CLIENT\\src\\utils\\Tags.js": {"path":"C:\\Users\\anjen\\Documents\\Github\\closetApp\\CLIENT\\src\\utils\\Tags.js","statementMap":{"0":{"start":{"line":1,"column":17},"end":{"line":4,"column":1}},"1":{"start":{"line":3,"column":2},"end":{"line":3,"column":60}},"2":{"start":{"line":6,"column":17},"end":{"line":9,"column":1}},"3":{"start":{"line":7,"column":15},"end":{"line":7,"column":63}},"4":{"start":{"line":8,"column":2},"end":{"line":8,"column":16}},"5":{"start":{"line":11,"column":19},"end":{"line":13,"column":1}},"6":{"start":{"line":12,"column":2},"end":{"line":12,"column":35}},"7":{"start":{"line":15,"column":23},"end":{"line":28,"column":1}},"8":{"start":{"line":16,"column":2},"end":{"line":27,"column":4}}},"fnMap":{"0":{"name":"(anonymous_0)","decl":{"start":{"line":1,"column":17},"end":{"line":1,"column":18}},"loc":{"start":{"line":1,"column":35},"end":{"line":4,"column":1}},"line":1},"1":{"name":"(anonymous_1)","decl":{"start":{"line":6,"column":17},"end":{"line":6,"column":18}},"loc":{"start":{"line":6,"column":30},"end":{"line":9,"column":1}},"line":6},"2":{"name":"(anonymous_2)","decl":{"start":{"line":11,"column":19},"end":{"line":11,"column":20}},"loc":{"start":{"line":11,"column":32},"end":{"line":13,"column":1}},"line":11},"3":{"name":"(anonymous_3)","decl":{"start":{"line":15,"column":23},"end":{"line":15,"column":24}},"loc":{"start":{"line":15,"column":29},"end":{"line":28,"column":1}},"line":15}},"branchMap":{},"s":{"0":1,"1":1,"2":1,"3":2,"4":2,"5":1,"6":1,"7":1,"8":1},"f":{"0":1,"1":2,"2":1,"3":1},"b":{},"_coverageSchema":"1a1c01bbd47fc00a2c39e90264f33305004495a9","hash":"4c365f5aa7e12a173f4befddc6140fb4bdefb4e7"}
,"C:\\Users\\anjen\\Documents\\Github\\closetApp\\CLIENT\\src\\utils\\UserTemp.js": {"path":"C:\\Users\\anjen\\Documents\\Github\\closetApp\\CLIENT\\src\\utils\\UserTemp.js","statementMap":{"0":{"start":{"line":2,"column":21},"end":{"line":5,"column":1}},"1":{"start":{"line":3,"column":2},"end":{"line":3,"column":60}},"2":{"start":{"line":6,"column":21},"end":{"line":15,"column":1}},"3":{"start":{"line":7,"column":2},"end":{"line":14,"column":3}},"4":{"start":{"line":8,"column":4},"end":{"line":8,"column":13}},"5":{"start":{"line":11,"column":17},"end":{"line":11,"column":65}},"6":{"start":{"line":13,"column":4},"end":{"line":13,"column":18}},"7":{"start":{"line":16,"column":23},"end":{"line":18,"column":1}},"8":{"start":{"line":17,"column":2},"end":{"line":17,"column":35}},"9":{"start":{"line":19,"column":21},"end":{"line":24,"column":1}},"10":{"start":{"line":20,"column":15},"end":{"line":20,"column":56}},"11":{"start":{"line":21,"column":15},"end":{"line":21,"column":19}},"12":{"start":{"line":22,"column":2},"end":{"line":22,"column":42}},"13":{"start":{"line":23,"column":2},"end":{"line":23,"column":15}}},"fnMap":{"0":{"name":"(anonymous_0)","decl":{"start":{"line":2,"column":21},"end":{"line":2,"column":22}},"loc":{"start":{"line":2,"column":39},"end":{"line":5,"column":1}},"line":2},"1":{"name":"(anonymous_1)","decl":{"start":{"line":6,"column":21},"end":{"line":6,"column":22}},"loc":{"start":{"line":6,"column":34},"end":{"line":15,"column":1}},"line":6},"2":{"name":"(anonymous_2)","decl":{"start":{"line":16,"column":23},"end":{"line":16,"column":24}},"loc":{"start":{"line":16,"column":36},"end":{"line":18,"column":1}},"line":16},"3":{"name":"(anonymous_3)","decl":{"start":{"line":19,"column":21},"end":{"line":19,"column":22}},"loc":{"start":{"line":19,"column":34},"end":{"line":24,"column":1}},"line":19}},"branchMap":{"0":{"loc":{"start":{"line":7,"column":2},"end":{"line":14,"column":3}},"type":"if","locations":[{"start":{"line":7,"column":2},"end":{"line":14,"column":3}},{"start":{"line":10,"column":6},"end":{"line":14,"column":3}}],"line":7},"1":{"loc":{"start":{"line":22,"column":2},"end":{"line":22,"column":41}},"type":"cond-expr","locations":[{"start":{"line":22,"column":11},"end":{"line":22,"column":24}},{"start":{"line":22,"column":27},"end":{"line":22,"column":41}}],"line":22}},"s":{"0":1,"1":2,"2":1,"3":2,"4":1,"5":1,"6":1,"7":1,"8":2,"9":1,"10":4,"11":4,"12":4,"13":4},"f":{"0":2,"1":2,"2":2,"3":4},"b":{"0":[1,1],"1":[2,2]},"_coverageSchema":"1a1c01bbd47fc00a2c39e90264f33305004495a9","hash":"a9096977e5984099517058b3066aca0477a64ab8"}
,"C:\\Users\\anjen\\Documents\\Github\\closetApp\\CLIENT\\tests\\testsHelper.js": {"path":"C:\\Users\\anjen\\Documents\\Github\\closetApp\\CLIENT\\tests\\testsHelper.js","statementMap":{"0":{"start":{"line":1,"column":19},"end":{"line":14,"column":1}},"1":{"start":{"line":2,"column":2},"end":{"line":13,"column":4}},"2":{"start":{"line":15,"column":19},"end":{"line":58,"column":1}},"3":{"start":{"line":16,"column":2},"end":{"line":57,"column":4}},"4":{"start":{"line":59,"column":19},"end":{"line":69,"column":1}},"5":{"start":{"line":60,"column":2},"end":{"line":68,"column":4}}},"fnMap":{"0":{"name":"(anonymous_0)","decl":{"start":{"line":1,"column":19},"end":{"line":1,"column":20}},"loc":{"start":{"line":1,"column":25},"end":{"line":14,"column":1}},"line":1},"1":{"name":"(anonymous_1)","decl":{"start":{"line":15,"column":19},"end":{"line":15,"column":20}},"loc":{"start":{"line":15,"column":25},"end":{"line":58,"column":1}},"line":15},"2":{"name":"(anonymous_2)","decl":{"start":{"line":59,"column":19},"end":{"line":59,"column":20}},"loc":{"start":{"line":59,"column":25},"end":{"line":69,"column":1}},"line":59}},"branchMap":{},"s":{"0":3,"1":1,"2":3,"3":1,"4":3,"5":1},"f":{"0":1,"1":1,"2":1},"b":{},"_coverageSchema":"1a1c01bbd47fc00a2c39e90264f33305004495a9","hash":"ee58458cac975fc6f9fc11452dd50f0a140d5573"}
}
