TN:
SF:src\utils\PostTemp.js
FN:3,(anonymous_0)
FN:7,(anonymous_1)
FN:11,(anonymous_2)
FN:14,(anonymous_3)
FNF:4
FNH:4
FNDA:2,(anonymous_0)
FNDA:2,(anonymous_1)
FNDA:2,(anonymous_2)
FNDA:2,(anonymous_3)
DA:3,1
DA:4,2
DA:7,1
DA:8,2
DA:9,2
DA:11,1
DA:12,2
DA:14,1
DA:15,2
DA:16,2
DA:17,2
DA:18,2
LF:12
LH:12
BRDA:17,0,0,1
BRDA:17,0,1,1
BRF:2
BRH:2
end_of_record
TN:
SF:src\utils\Tags.js
FN:1,(anonymous_0)
FN:6,(anonymous_1)
FN:11,(anonymous_2)
FN:15,(anonymous_3)
FNF:4
FNH:4
FNDA:1,(anonymous_0)
FNDA:2,(anonymous_1)
FNDA:1,(anonymous_2)
FNDA:1,(anonymous_3)
DA:1,1
DA:3,1
DA:6,1
DA:7,2
DA:8,2
DA:11,1
DA:12,1
DA:15,1
DA:16,1
LF:9
LH:9
BRF:0
BRH:0
end_of_record
TN:
SF:src\utils\UserTemp.js
FN:2,(anonymous_0)
FN:6,(anonymous_1)
FN:16,(anonymous_2)
FN:19,(anonymous_3)
FNF:4
FNH:4
FNDA:2,(anonymous_0)
FNDA:2,(anonymous_1)
FNDA:2,(anonymous_2)
FNDA:4,(anonymous_3)
DA:2,1
DA:3,2
DA:6,1
DA:7,2
DA:8,1
DA:11,1
DA:13,1
DA:16,1
DA:17,2
DA:19,1
DA:20,4
DA:21,4
DA:22,4
DA:23,4
LF:14
LH:14
BRDA:7,0,0,1
BRDA:7,0,1,1
BRDA:22,1,0,2
BRDA:22,1,1,2
BRF:4
BRH:4
end_of_record
TN:
SF:tests\testsHelper.js
FN:1,(anonymous_0)
FN:15,(anonymous_1)
FN:59,(anonymous_2)
FNF:3
FNH:3
FNDA:1,(anonymous_0)
FNDA:1,(anonymous_1)
FNDA:1,(anonymous_2)
DA:1,3
DA:2,1
DA:15,3
DA:16,1
DA:59,3
DA:60,1
LF:6
LH:6
BRF:0
BRH:0
end_of_record
